commit d94c11ec7db5bf5c6994f9935cba1b6f3fc31759
Merge: ad87fb2 5c8b8b2
Author: Axel Reynosa <SamaAxl@pm.me>
Date:   Sun Aug 21 13:58:53 2022 -0600

    Merge pull request #1 from RobertCar3/readme-carrasco
    
    Readme carrasco

commit 5c8b8b277b2f2e7cfe3e13eded602ea02fe99583
Author: RobertCar3 <axeljra21@gmail.com>
Date:   Sun Aug 21 13:49:32 2022 -0600

    commit

commit e9d34d1cbce5a07106dbce3c2bdd6faa10d91f77
Author: RobertCar3 <axeljra21@gmail.com>
Date:   Sun Aug 21 13:20:31 2022 -0600

    Prueba

commit 987034092dba68a9363660b9edd840665e7031c9
Author: RobertCar3 <axeljra21@gmail.com>
Date:   Sun Aug 21 13:05:59 2022 -0600

    Prueba

commit 247b6b4d1d932c31064657229508ac9403a4bab7
Author: Rober Carrasco <axeljra21@gmail.com>
Date:   Sun Aug 21 12:37:41 2022 -0600

    Cambio de prueba desde otra cuenta

commit ad87fb20f40b474fec4ec5b9f877316a9a2fc046
Author: SamaAxl <SamaAxl@protonmail.com>
Date:   Fri Jun 24 21:53:21 2022 -0600

    Images

commit 7af6d89448bc5a5145f9deae5de2e2bc6f1bd6ed
Author: SamaAxl <SamaAxl@protonmail.com>
Date:   Fri Jun 24 21:46:15 2022 -0600

    index.html

commit 65288825744ec93c52e8635b2183a54c155b1e82
Author: SamaAxl <SamaAxl@protonmail.com>
Date:   Fri Jun 24 21:33:24 2022 -0600

    Finalizado
